QuestaSim vlog 10.6c Compiler 2017.07 Jul 25 2017
Start time: 19:32:55 on Sep 14,2024
vlog "+acc" "+cover" "+fcover" -l alu_top.log alu_top.sv 
** Note: (vlog-2286) alu_package.sv(11): Using implicit +incdir+/tools/mentor/questasim_10.6c/questasim/uvm-1.1d/../verilog_src/uvm-1.1d/src from import uvm_pkg
-- Compiling package alu_top_sv_unit
-- Importing package mtiUvm.uvm_pkg (uvm-1.1d Built-in)
** Warning: alu_sequence.sv(28): (vlog-2240) Treating stand-alone use of function 'randomize' as an implicit VOID cast.
** Warning: alu_sequence.sv(53): (vlog-2240) Treating stand-alone use of function 'randomize' as an implicit VOID cast.
** Warning: alu_sequence.sv(65): (vlog-2240) Treating stand-alone use of function 'randomize' as an implicit VOID cast.
** Warning: alu_sequence.sv(71): (vlog-2240) Treating stand-alone use of function 'randomize' as an implicit VOID cast.
** Warning: alu_sequence.sv(92): (vlog-2240) Treating stand-alone use of function 'randomize' as an implicit VOID cast.
** Warning: alu_sequence.sv(104): (vlog-2240) Treating stand-alone use of function 'randomize' as an implicit VOID cast.
** Warning: alu_sequence.sv(111): (vlog-2240) Treating stand-alone use of function 'randomize' as an implicit VOID cast.
** Warning: alu_sequence.sv(132): (vlog-2240) Treating stand-alone use of function 'randomize' as an implicit VOID cast.
** Warning: alu_sequence.sv(144): (vlog-2240) Treating stand-alone use of function 'randomize' as an implicit VOID cast.
** Warning: alu_sequence.sv(151): (vlog-2240) Treating stand-alone use of function 'randomize' as an implicit VOID cast.
** Warning: alu_sequence.sv(171): (vlog-2240) Treating stand-alone use of function 'randomize' as an implicit VOID cast.
** Warning: alu_sequence.sv(183): (vlog-2240) Treating stand-alone use of function 'randomize' as an implicit VOID cast.
** Warning: alu_sequence.sv(190): (vlog-2240) Treating stand-alone use of function 'randomize' as an implicit VOID cast.
** Warning: alu_sequence.sv(212): (vlog-2240) Treating stand-alone use of function 'randomize' as an implicit VOID cast.
** Warning: alu_sequence.sv(224): (vlog-2240) Treating stand-alone use of function 'randomize' as an implicit VOID cast.
** Warning: alu_sequence.sv(231): (vlog-2240) Treating stand-alone use of function 'randomize' as an implicit VOID cast.
** Warning: alu_sequence.sv(251): (vlog-2240) Treating stand-alone use of function 'randomize' as an implicit VOID cast.
** Warning: alu_sequence.sv(263): (vlog-2240) Treating stand-alone use of function 'randomize' as an implicit VOID cast.
** Warning: alu_sequence.sv(270): (vlog-2240) Treating stand-alone use of function 'randomize' as an implicit VOID cast.
** Warning: alu_sequence.sv(289): (vlog-2240) Treating stand-alone use of function 'randomize' as an implicit VOID cast.
** Warning: alu_sequence.sv(301): (vlog-2240) Treating stand-alone use of function 'randomize' as an implicit VOID cast.
** Warning: alu_sequence.sv(308): (vlog-2240) Treating stand-alone use of function 'randomize' as an implicit VOID cast.
** Warning: alu_sequence.sv(328): (vlog-2240) Treating stand-alone use of function 'randomize' as an implicit VOID cast.
** Warning: alu_sequence.sv(340): (vlog-2240) Treating stand-alone use of function 'randomize' as an implicit VOID cast.
** Warning: alu_sequence.sv(347): (vlog-2240) Treating stand-alone use of function 'randomize' as an implicit VOID cast.
** Warning: alu_sequence.sv(365): (vlog-2240) Treating stand-alone use of function 'randomize' as an implicit VOID cast.
** Warning: alu_sequence.sv(377): (vlog-2240) Treating stand-alone use of function 'randomize' as an implicit VOID cast.
** Warning: alu_sequence.sv(384): (vlog-2240) Treating stand-alone use of function 'randomize' as an implicit VOID cast.
** Warning: alu_sequence.sv(405): (vlog-2240) Treating stand-alone use of function 'randomize' as an implicit VOID cast.
** Warning: alu_sequence.sv(417): (vlog-2240) Treating stand-alone use of function 'randomize' as an implicit VOID cast.
** Warning: alu_sequence.sv(424): (vlog-2240) Treating stand-alone use of function 'randomize' as an implicit VOID cast.
** Warning: alu_sequence.sv(444): (vlog-2240) Treating stand-alone use of function 'randomize' as an implicit VOID cast.
** Warning: alu_sequence.sv(456): (vlog-2240) Treating stand-alone use of function 'randomize' as an implicit VOID cast.
** Warning: alu_sequence.sv(463): (vlog-2240) Treating stand-alone use of function 'randomize' as an implicit VOID cast.
** Warning: alu_sequence.sv(492): (vlog-2240) Treating stand-alone use of function 'randomize' as an implicit VOID cast.
** Warning: alu_sequence.sv(508): (vlog-2240) Treating stand-alone use of function 'randomize' as an implicit VOID cast.
** Warning: alu_sequence.sv(519): (vlog-2240) Treating stand-alone use of function 'randomize' as an implicit VOID cast.
** Warning: alu_sequence.sv(545): (vlog-2240) Treating stand-alone use of function 'randomize' as an implicit VOID cast.
** Warning: alu_sequence.sv(562): (vlog-2240) Treating stand-alone use of function 'randomize' as an implicit VOID cast.
** Warning: alu_sequence.sv(573): (vlog-2240) Treating stand-alone use of function 'randomize' as an implicit VOID cast.
** Warning: alu_sequence.sv(599): (vlog-2240) Treating stand-alone use of function 'randomize' as an implicit VOID cast.
** Warning: alu_sequence.sv(616): (vlog-2240) Treating stand-alone use of function 'randomize' as an implicit VOID cast.
** Warning: alu_sequence.sv(627): (vlog-2240) Treating stand-alone use of function 'randomize' as an implicit VOID cast.
** Warning: alu_sequence.sv(652): (vlog-2240) Treating stand-alone use of function 'randomize' as an implicit VOID cast.
** Warning: alu_sequence.sv(669): (vlog-2240) Treating stand-alone use of function 'randomize' as an implicit VOID cast.
** Warning: alu_sequence.sv(680): (vlog-2240) Treating stand-alone use of function 'randomize' as an implicit VOID cast.
** Warning: alu_sequence.sv(706): (vlog-2240) Treating stand-alone use of function 'randomize' as an implicit VOID cast.
** Warning: alu_sequence.sv(723): (vlog-2240) Treating stand-alone use of function 'randomize' as an implicit VOID cast.
** Warning: alu_sequence.sv(734): (vlog-2240) Treating stand-alone use of function 'randomize' as an implicit VOID cast.
** Warning: alu_sequence.sv(760): (vlog-2240) Treating stand-alone use of function 'randomize' as an implicit VOID cast.
** Warning: alu_sequence.sv(777): (vlog-2240) Treating stand-alone use of function 'randomize' as an implicit VOID cast.
** Warning: alu_sequence.sv(788): (vlog-2240) Treating stand-alone use of function 'randomize' as an implicit VOID cast.
** Warning: alu_sequence.sv(813): (vlog-2240) Treating stand-alone use of function 'randomize' as an implicit VOID cast.
** Warning: alu_sequence.sv(830): (vlog-2240) Treating stand-alone use of function 'randomize' as an implicit VOID cast.
** Warning: alu_sequence.sv(841): (vlog-2240) Treating stand-alone use of function 'randomize' as an implicit VOID cast.
** Warning: alu_sequence.sv(867): (vlog-2240) Treating stand-alone use of function 'randomize' as an implicit VOID cast.
** Warning: alu_sequence.sv(884): (vlog-2240) Treating stand-alone use of function 'randomize' as an implicit VOID cast.
** Warning: alu_sequence.sv(895): (vlog-2240) Treating stand-alone use of function 'randomize' as an implicit VOID cast.
** Warning: alu_sequence.sv(921): (vlog-2240) Treating stand-alone use of function 'randomize' as an implicit VOID cast.
** Warning: alu_sequence.sv(938): (vlog-2240) Treating stand-alone use of function 'randomize' as an implicit VOID cast.
** Warning: alu_sequence.sv(949): (vlog-2240) Treating stand-alone use of function 'randomize' as an implicit VOID cast.
** Warning: alu_sequence.sv(975): (vlog-2240) Treating stand-alone use of function 'randomize' as an implicit VOID cast.
** Warning: alu_sequence.sv(992): (vlog-2240) Treating stand-alone use of function 'randomize' as an implicit VOID cast.
** Warning: alu_sequence.sv(1003): (vlog-2240) Treating stand-alone use of function 'randomize' as an implicit VOID cast.
** Warning: alu_sequence.sv(1028): (vlog-2240) Treating stand-alone use of function 'randomize' as an implicit VOID cast.
** Warning: alu_sequence.sv(1045): (vlog-2240) Treating stand-alone use of function 'randomize' as an implicit VOID cast.
** Warning: alu_sequence.sv(1056): (vlog-2240) Treating stand-alone use of function 'randomize' as an implicit VOID cast.
** Warning: alu_sequence.sv(1082): (vlog-2240) Treating stand-alone use of function 'randomize' as an implicit VOID cast.
** Warning: alu_sequence.sv(1099): (vlog-2240) Treating stand-alone use of function 'randomize' as an implicit VOID cast.
** Warning: alu_sequence.sv(1110): (vlog-2240) Treating stand-alone use of function 'randomize' as an implicit VOID cast.
** Warning: alu_sequence.sv(1136): (vlog-2240) Treating stand-alone use of function 'randomize' as an implicit VOID cast.
** Warning: alu_sequence.sv(1153): (vlog-2240) Treating stand-alone use of function 'randomize' as an implicit VOID cast.
** Warning: alu_sequence.sv(1164): (vlog-2240) Treating stand-alone use of function 'randomize' as an implicit VOID cast.
** Warning: alu_sequence.sv(1190): (vlog-2240) Treating stand-alone use of function 'randomize' as an implicit VOID cast.
** Warning: alu_sequence.sv(1207): (vlog-2240) Treating stand-alone use of function 'randomize' as an implicit VOID cast.
** Warning: alu_sequence.sv(1218): (vlog-2240) Treating stand-alone use of function 'randomize' as an implicit VOID cast.
-- Compiling module ALU_DESIGN
-- Compiling interface alu_if
-- Compiling module top

Top level modules:
	top
End time: 19:32:56 on Sep 14,2024, Elapsed time: 0:00:01
Errors: 0, Warnings: 76
